<?xml version="1.0" encoding="UTF-8"?>
<testng-results ignored="0" total="6" passed="6" failed="0" skipped="0">
  <reporter-output>
  </reporter-output>
  <suite started-at="2022-03-20T16:44:25 IST" name="Default suite" finished-at="2022-03-20T16:44:59 IST" duration-ms="34028">
    <groups>
    </groups>
    <test started-at="2022-03-20T16:44:25 IST" name="Default test" finished-at="2022-03-20T16:44:59 IST" duration-ms="34028">
      <class name="com.example.NewTest">
        <test-method is-config="true" signature="setup()[pri:0, instance:com.example.NewTest@4b44655e]" started-at="2022-03-20T16:44:25 IST" name="setup" finished-at="2022-03-20T16:44:28 IST" duration-ms="3163" status="PASS">
          <reporter-output>
          </reporter-output>
        </test-method> <!-- setup -->
        <test-method signature="Login()[pri:1, instance:com.example.NewTest@4b44655e]" started-at="2022-03-20T16:44:28 IST" name="Login" finished-at="2022-03-20T16:44:54 IST" duration-ms="25405" status="PASS">
          <reporter-output>
          </reporter-output>
        </test-method> <!-- Login -->
        <test-method signature="Notifications()[pri:2, instance:com.example.NewTest@4b44655e]" started-at="2022-03-20T16:44:54 IST" name="Notifications" finished-at="2022-03-20T16:44:55 IST" duration-ms="1067" status="PASS">
          <reporter-output>
          </reporter-output>
        </test-method> <!-- Notifications -->
        <test-method signature="Quick_Access()[pri:3, instance:com.example.NewTest@4b44655e]" started-at="2022-03-20T16:44:55 IST" name="Quick_Access" finished-at="2022-03-20T16:44:56 IST" duration-ms="1068" status="PASS">
          <reporter-output>
          </reporter-output>
        </test-method> <!-- Quick_Access -->
        <test-method signature="My_Information()[pri:4, instance:com.example.NewTest@4b44655e]" started-at="2022-03-20T16:44:56 IST" name="My_Information" finished-at="2022-03-20T16:44:57 IST" duration-ms="1051" status="PASS">
          <reporter-output>
          </reporter-output>
        </test-method> <!-- My_Information -->
        <test-method signature="Leaves()[pri:5, instance:com.example.NewTest@4b44655e]" started-at="2022-03-20T16:44:57 IST" name="Leaves" finished-at="2022-03-20T16:44:58 IST" duration-ms="1049" status="PASS">
          <reporter-output>
          </reporter-output>
        </test-method> <!-- Leaves -->
        <test-method signature="Organizational_chart()[pri:6, instance:com.example.NewTest@4b44655e]" started-at="2022-03-20T16:44:58 IST" name="Organizational_chart" finished-at="2022-03-20T16:44:59 IST" duration-ms="1049" status="PASS">
          <reporter-output>
          </reporter-output>
        </test-method> <!-- Organizational_chart -->
        <test-method is-config="true" signature="Test()[pri:0, instance:com.example.NewTest@4b44655e]" started-at="2022-03-20T16:44:59 IST" name="Test" finished-at="2022-03-20T16:44:59 IST" duration-ms="122" status="PASS">
          <reporter-output>
          </reporter-output>
        </test-method> <!-- Test -->
      </class> <!-- com.example.NewTest -->
    </test> <!-- Default test -->
  </suite> <!-- Default suite -->
</testng-results>
