<?xml version="1.0" encoding="UTF-8"?>
<!-- Generated by org.testng.reporters.JUnitXMLReporter -->
<testsuite ignored="1" hostname="DESKTOP-UK5HVGF" failures="1" tests="1" name="Default test(failed)" time="4.19" errors="0" timestamp="2021-07-07T17:17:51 IST">
  <testcase classname="com.example.NewTest" name="Test2" time="4.147">
    <failure type="java.lang.AssertionError" message="expected [Amazon.com. Spend less. Smile] but found [Amazon.com. Spend less. Smile more.]">
      <![CDATA[java.lang.AssertionError: expected [Amazon.com. Spend less. Smile] but found [Amazon.com. Spend less. Smile more.]
at com.example.NewTest.Test2(NewTest.java:42)
at java.base/java.util.ArrayList.forEach(ArrayList.java:1540)
... Removed 32 stack frames]]>
    </failure>
  </testcase> <!-- Test2 -->
  <testcase classname="com.example.NewTest" name="Test1" time="0.0">
    <ignored/>
  </testcase> <!-- Test1 -->
</testsuite> <!-- Default test(failed) -->
