<?xml version="1.0" encoding="UTF-8"?>
<!-- Generated by org.testng.reporters.JUnitXMLReporter -->
<testsuite ignored="0" hostname="DESKTOP-UK5HVGF" failures="0" tests="6" name="Default test" time="34.028" errors="0" timestamp="2022-03-20T16:44:59 IST">
  <testcase classname="com.example.NewTest" name="Login" time="25.405"/>
  <testcase classname="com.example.NewTest" name="Notifications" time="1.067"/>
  <testcase classname="com.example.NewTest" name="Quick_Access" time="1.068"/>
  <testcase classname="com.example.NewTest" name="My_Information" time="1.051"/>
  <testcase classname="com.example.NewTest" name="Leaves" time="1.049"/>
  <testcase classname="com.example.NewTest" name="Organizational_chart" time="1.049"/>
</testsuite> <!-- Default test -->
